[2021-12-02 16:13:43,453] multiqc                                            [DEBUG  ]  No MultiQC config found: /home/mgallan1/miniconda3/envs/rnaseq/lib/python3.7/site-packages/multiqc_config.yaml
[2021-12-02 16:13:43,454] multiqc                                            [DEBUG  ]  No MultiQC config found: /home/mgallan1/.multiqc_config.yaml
[2021-12-02 16:13:43,454] multiqc                                            [DEBUG  ]  No MultiQC config found: multiqc_config.yaml
[2021-12-02 16:13:43,454] multiqc                                            [DEBUG  ]  Command used: /home/mgallan1/miniconda3/envs/rnaseq/bin/multiqc --force --outdir /zfs/omics/personal/mgallan1/gls/ruy/results/ /scratch/mgalland/fastp/
[2021-12-02 16:13:43,708] multiqc                                            [WARNING]  MultiQC Version v1.11 now available!
[2021-12-02 16:13:43,708] multiqc                                            [INFO   ]  This is MultiQC v1.9
[2021-12-02 16:13:43,708] multiqc                                            [DEBUG  ]  Command     : /home/mgallan1/miniconda3/envs/rnaseq/bin/multiqc --force --outdir /zfs/omics/personal/mgallan1/gls/ruy/results/ /scratch/mgalland/fastp/
[2021-12-02 16:13:43,708] multiqc                                            [DEBUG  ]  Working dir : /zfs/omics/personal/mgallan1/workspace/snakemake_rnaseq
[2021-12-02 16:13:43,708] multiqc                                            [INFO   ]  Template    : default
[2021-12-02 16:13:43,709] multiqc                                            [DEBUG  ]  Running Python 3.7.9 (default, Aug 31 2020, 12:42:55)  [GCC 7.3.0]
[2021-12-02 16:13:43,709] multiqc                                            [INFO   ]  Searching   : /scratch/mgalland/fastp
[2021-12-02 16:13:43,709] multiqc                                            [DEBUG  ]  Analysing modules: custom_content, conpair, peddy, somalier, methylQA, mosdepth, phantompeakqualtools, qualimap, preseq, quast, qorts, rna_seqc, rockhopper, rsem, rseqc, busco, goleft_indexcov, disambiguate, supernova, deeptools, sargasso, verifybamid, mirtrace, happy, mirtop, homer, macs2, theta2, snpeff, gatk, htseq, bcftools, featureCounts, fgbio, dragen, dedup, damageprofiler, biobambam2, mtnucratio, picard, prokka, samblaster, samtools, sexdeterrmine, bamtools, jellyfish, vcftools, longranger, stacks, varscan2, bbmap, bismark, biscuit, hicexplorer, hicup, hicpro, salmon, kallisto, slamdunk, star, hisat2, tophat, bowtie2, bowtie1, snpsplit, kat, leehom, adapterRemoval, clipandmerge, cutadapt, flexbar, kaiju, kraken, malt, trimmomatic, sickle, skewer, sortmerna, biobloomtools, fastq_screen, afterqc, fastp, fastqc, pycoqc, minionqc, multivcfanalyzer, clusterflow, bcl2fastq, interop, ivar, flash, seqyclean
[2021-12-02 16:13:43,710] multiqc                                            [DEBUG  ]  Using temporary directory for creating report: /tmp/tmpqp0zo_x3
[2021-12-02 16:13:43,854] multiqc                                            [DEBUG  ]  Ignoring file as matched an ignore pattern: F2-73_fastp.html
[2021-12-02 16:13:43,854] multiqc                                            [DEBUG  ]  Ignoring file as matched an ignore pattern: F2-411_fastp.html
[2021-12-02 16:13:43,855] multiqc                                            [DEBUG  ]  Ignoring file as matched an ignore pattern: Elite_2017_fastp.html
[2021-12-02 16:13:43,855] multiqc                                            [DEBUG  ]  Ignoring file as matched an ignore pattern: PI127826_2017_fastp.html
[2021-12-02 16:13:43,855] multiqc                                            [DEBUG  ]  Ignoring file as matched an ignore pattern: F2-127_fastp.html
[2021-12-02 16:13:43,856] multiqc                                            [DEBUG  ]  Ignoring file as matched an ignore pattern: F2-445_fastp.html
[2021-12-02 16:13:43,856] multiqc                                            [DEBUG  ]  Ignoring file as matched an ignore pattern: F2-151_fastp.html
[2021-12-02 16:13:43,857] multiqc                                            [DEBUG  ]  Ignoring file as matched an ignore pattern: PI127826_2020_fastp.html
[2021-12-02 16:13:43,857] multiqc                                            [DEBUG  ]  Ignoring file as matched an ignore pattern: Elite_2020_fastp.html
[2021-12-02 16:13:43,857] multiqc                                            [DEBUG  ]  Ignoring file as matched an ignore pattern: F1_fastp.html
[2021-12-02 16:13:43,858] multiqc                                            [DEBUG  ]  Ignoring file as matched an ignore pattern: F2-28_concat_fastp.html
[2021-12-02 16:13:44,383] multiqc.plots.bargraph                             [DEBUG  ]  Using matplotlib version 3.3.2
[2021-12-02 16:13:44,384] multiqc.plots.linegraph                            [DEBUG  ]  Using matplotlib version 3.3.2
[2021-12-02 16:13:44,386] multiqc                                            [DEBUG  ]  No samples found: custom_content
[2021-12-02 16:13:44,392] multiqc                                            [DEBUG  ]  No samples found: conpair
[2021-12-02 16:13:44,398] multiqc                                            [DEBUG  ]  No samples found: peddy
[2021-12-02 16:13:44,403] multiqc                                            [DEBUG  ]  No samples found: somalier
[2021-12-02 16:13:44,408] multiqc                                            [DEBUG  ]  No samples found: methylQA
[2021-12-02 16:13:44,418] multiqc                                            [DEBUG  ]  No samples found: mosdepth
[2021-12-02 16:13:44,424] multiqc                                            [DEBUG  ]  No samples found: phantompeakqualtools
[2021-12-02 16:13:44,427] multiqc                                            [DEBUG  ]  No samples found: qualimap
[2021-12-02 16:13:44,433] multiqc                                            [DEBUG  ]  No samples found: preseq
[2021-12-02 16:13:44,439] multiqc                                            [DEBUG  ]  No samples found: quast
[2021-12-02 16:13:44,444] multiqc                                            [DEBUG  ]  No samples found: qorts
[2021-12-02 16:13:44,449] multiqc                                            [DEBUG  ]  No samples found: rna_seqc
[2021-12-02 16:13:44,455] multiqc                                            [DEBUG  ]  No samples found: rockhopper
[2021-12-02 16:13:44,460] multiqc                                            [DEBUG  ]  No samples found: rsem
[2021-12-02 16:13:44,474] multiqc                                            [DEBUG  ]  No samples found: rseqc
[2021-12-02 16:13:44,480] multiqc                                            [DEBUG  ]  No samples found: busco
[2021-12-02 16:13:44,485] multiqc                                            [DEBUG  ]  No samples found: goleft_indexcov
[2021-12-02 16:13:44,490] multiqc                                            [DEBUG  ]  No samples found: disambiguate
[2021-12-02 16:13:44,496] multiqc                                            [DEBUG  ]  No samples found: supernova
[2021-12-02 16:13:44,510] multiqc                                            [DEBUG  ]  No samples found: deeptools
[2021-12-02 16:13:44,515] multiqc                                            [DEBUG  ]  No samples found: sargasso
[2021-12-02 16:13:44,521] multiqc                                            [DEBUG  ]  No samples found: verifybamid
[2021-12-02 16:13:44,526] multiqc                                            [DEBUG  ]  No samples found: mirtrace
[2021-12-02 16:13:44,533] multiqc                                            [DEBUG  ]  No samples found: happy
[2021-12-02 16:13:44,541] multiqc                                            [DEBUG  ]  No samples found: mirtop
[2021-12-02 16:13:44,550] multiqc                                            [DEBUG  ]  No samples found: homer
[2021-12-02 16:13:44,555] multiqc                                            [DEBUG  ]  No samples found: macs2
[2021-12-02 16:13:44,561] multiqc                                            [DEBUG  ]  No samples found: theta2
[2021-12-02 16:13:44,568] multiqc                                            [DEBUG  ]  No samples found: snpeff
[2021-12-02 16:13:44,580] multiqc                                            [DEBUG  ]  No samples found: gatk
[2021-12-02 16:13:44,590] multiqc                                            [DEBUG  ]  No samples found: htseq
[2021-12-02 16:13:44,600] multiqc                                            [DEBUG  ]  No samples found: bcftools
[2021-12-02 16:13:44,606] multiqc                                            [DEBUG  ]  No samples found: featureCounts
[2021-12-02 16:13:44,616] multiqc                                            [DEBUG  ]  No samples found: fgbio
[2021-12-02 16:13:44,631] multiqc                                            [DEBUG  ]  No samples found: dragen
[2021-12-02 16:13:44,636] multiqc                                            [DEBUG  ]  No samples found: dedup
[2021-12-02 16:13:44,642] multiqc                                            [DEBUG  ]  No samples found: damageprofiler
[2021-12-02 16:13:44,666] multiqc                                            [DEBUG  ]  No samples found: biobambam2
[2021-12-02 16:13:44,673] multiqc                                            [DEBUG  ]  No samples found: mtnucratio
[2021-12-02 16:13:44,677] multiqc                                            [DEBUG  ]  No samples found: picard
[2021-12-02 16:13:44,683] multiqc                                            [DEBUG  ]  No samples found: prokka
[2021-12-02 16:13:44,690] multiqc                                            [DEBUG  ]  No samples found: samblaster
[2021-12-02 16:13:44,701] multiqc                                            [DEBUG  ]  No samples found: samtools
[2021-12-02 16:13:44,707] multiqc                                            [DEBUG  ]  No samples found: sexdeterrmine
[2021-12-02 16:13:44,716] multiqc                                            [DEBUG  ]  No samples found: bamtools
[2021-12-02 16:13:44,724] multiqc                                            [DEBUG  ]  No samples found: jellyfish
[2021-12-02 16:13:44,739] multiqc                                            [DEBUG  ]  No samples found: vcftools
[2021-12-02 16:13:44,748] multiqc                                            [DEBUG  ]  No samples found: longranger
[2021-12-02 16:13:44,755] multiqc                                            [DEBUG  ]  No samples found: stacks
[2021-12-02 16:13:44,764] multiqc                                            [DEBUG  ]  No samples found: varscan2
[2021-12-02 16:13:44,784] multiqc                                            [DEBUG  ]  No samples found: bbmap
[2021-12-02 16:13:44,790] multiqc                                            [DEBUG  ]  No samples found: bismark
[2021-12-02 16:13:44,797] multiqc                                            [DEBUG  ]  No samples found: biscuit
[2021-12-02 16:13:44,804] multiqc                                            [DEBUG  ]  No samples found: hicexplorer
[2021-12-02 16:13:44,810] multiqc                                            [DEBUG  ]  No samples found: hicup
[2021-12-02 16:13:44,817] multiqc                                            [DEBUG  ]  No samples found: hicpro
[2021-12-02 16:13:44,823] multiqc                                            [DEBUG  ]  No samples found: salmon
[2021-12-02 16:13:44,830] multiqc                                            [DEBUG  ]  No samples found: kallisto
[2021-12-02 16:13:44,835] multiqc                                            [DEBUG  ]  No samples found: slamdunk
[2021-12-02 16:13:44,841] multiqc                                            [DEBUG  ]  No samples found: star
[2021-12-02 16:13:44,846] multiqc                                            [DEBUG  ]  No samples found: hisat2
[2021-12-02 16:13:44,852] multiqc                                            [DEBUG  ]  No samples found: tophat
[2021-12-02 16:13:44,858] multiqc                                            [DEBUG  ]  No samples found: bowtie2
[2021-12-02 16:13:44,863] multiqc                                            [DEBUG  ]  No samples found: bowtie1
[2021-12-02 16:13:44,868] multiqc                                            [DEBUG  ]  No samples found: snpsplit
[2021-12-02 16:13:44,874] multiqc                                            [DEBUG  ]  No samples found: kat
[2021-12-02 16:13:44,879] multiqc                                            [DEBUG  ]  No samples found: leehom
[2021-12-02 16:13:44,885] multiqc                                            [DEBUG  ]  No samples found: adapterRemoval
[2021-12-02 16:13:44,890] multiqc                                            [DEBUG  ]  No samples found: clipandmerge
[2021-12-02 16:13:44,896] multiqc                                            [DEBUG  ]  No samples found: cutadapt
[2021-12-02 16:13:44,901] multiqc                                            [DEBUG  ]  No samples found: flexbar
[2021-12-02 16:13:44,907] multiqc                                            [DEBUG  ]  No samples found: kaiju
[2021-12-02 16:13:44,912] multiqc                                            [DEBUG  ]  No samples found: kraken
[2021-12-02 16:13:44,917] multiqc                                            [DEBUG  ]  No samples found: malt
[2021-12-02 16:13:44,923] multiqc                                            [DEBUG  ]  No samples found: trimmomatic
[2021-12-02 16:13:44,928] multiqc                                            [DEBUG  ]  No samples found: sickle
[2021-12-02 16:13:44,933] multiqc                                            [DEBUG  ]  No samples found: skewer
[2021-12-02 16:13:44,939] multiqc                                            [DEBUG  ]  No samples found: sortmerna
[2021-12-02 16:13:44,944] multiqc                                            [DEBUG  ]  No samples found: biobloomtools
[2021-12-02 16:13:44,950] multiqc                                            [DEBUG  ]  No samples found: fastq_screen
[2021-12-02 16:13:44,956] multiqc                                            [DEBUG  ]  No samples found: afterqc
[2021-12-02 16:13:44,980] multiqc.modules.fastp.fastp                        [DEBUG  ]  No insert size plot data: PI127826_2020_fastp.json
[2021-12-02 16:13:44,980] multiqc.modules.fastp.fastp                        [DEBUG  ]  Read quality read2_before_filtering not found: PI127826_2020_fastp.json
[2021-12-02 16:13:44,980] multiqc.modules.fastp.fastp                        [DEBUG  ]  Content curve data read2_before_filtering not found: PI127826_2020_fastp.json
[2021-12-02 16:13:44,980] multiqc.modules.fastp.fastp                        [DEBUG  ]  Read quality read2_after_filtering not found: PI127826_2020_fastp.json
[2021-12-02 16:13:44,980] multiqc.modules.fastp.fastp                        [DEBUG  ]  Content curve data read2_after_filtering not found: PI127826_2020_fastp.json
[2021-12-02 16:13:44,981] multiqc.modules.fastp.fastp                        [DEBUG  ]  No insert size plot data: Elite_2020_fastp.json
[2021-12-02 16:13:44,981] multiqc.modules.fastp.fastp                        [DEBUG  ]  Read quality read2_before_filtering not found: Elite_2020_fastp.json
[2021-12-02 16:13:44,981] multiqc.modules.fastp.fastp                        [DEBUG  ]  Content curve data read2_before_filtering not found: Elite_2020_fastp.json
[2021-12-02 16:13:44,981] multiqc.modules.fastp.fastp                        [DEBUG  ]  Read quality read2_after_filtering not found: Elite_2020_fastp.json
[2021-12-02 16:13:44,981] multiqc.modules.fastp.fastp                        [DEBUG  ]  Content curve data read2_after_filtering not found: Elite_2020_fastp.json
[2021-12-02 16:13:44,984] multiqc.modules.fastp.fastp                        [DEBUG  ]  fastp JSON did not have a 'adapter_cutting' key, skipping: 'F2-28_concat_fastp.json'
[2021-12-02 16:13:44,984] multiqc.modules.fastp.fastp                        [DEBUG  ]  Could not calculate 'pct_adapter': F2-28_concat_fastp.json
[2021-12-02 16:13:44,984] multiqc.modules.fastp.fastp                        [DEBUG  ]  No insert size plot data: F2-28_concat_fastp.json
[2021-12-02 16:13:44,984] multiqc.modules.fastp.fastp                        [DEBUG  ]  Read quality read2_before_filtering not found: F2-28_concat_fastp.json
[2021-12-02 16:13:44,984] multiqc.modules.fastp.fastp                        [DEBUG  ]  Content curve data read2_before_filtering not found: F2-28_concat_fastp.json
[2021-12-02 16:13:44,984] multiqc.modules.fastp.fastp                        [DEBUG  ]  Read quality read2_after_filtering not found: F2-28_concat_fastp.json
[2021-12-02 16:13:44,984] multiqc.modules.fastp.fastp                        [DEBUG  ]  Content curve data read2_after_filtering not found: F2-28_concat_fastp.json
[2021-12-02 16:13:44,984] multiqc.modules.fastp.fastp                        [INFO   ]  Found 11 reports
[2021-12-02 16:13:45,014] multiqc                                            [DEBUG  ]  No samples found: fastqc
[2021-12-02 16:13:45,020] multiqc                                            [DEBUG  ]  No samples found: pycoqc
[2021-12-02 16:13:45,026] multiqc                                            [DEBUG  ]  No samples found: minionqc
[2021-12-02 16:13:45,032] multiqc                                            [DEBUG  ]  No samples found: multivcfanalyzer
[2021-12-02 16:13:45,038] multiqc                                            [DEBUG  ]  No samples found: clusterflow
[2021-12-02 16:13:45,044] multiqc                                            [DEBUG  ]  No samples found: bcl2fastq
[2021-12-02 16:13:45,050] multiqc                                            [DEBUG  ]  No samples found: interop
[2021-12-02 16:13:45,056] multiqc                                            [DEBUG  ]  No samples found: ivar
[2021-12-02 16:13:45,062] multiqc                                            [DEBUG  ]  No samples found: flash
[2021-12-02 16:13:45,067] multiqc                                            [DEBUG  ]  No samples found: seqyclean
[2021-12-02 16:13:45,081] multiqc                                            [INFO   ]  Compressing plot data
[2021-12-02 16:13:45,608] multiqc                                            [WARNING]  Deleting    : ../../gls/ruy/results/multiqc_data   (-f was specified)
[2021-12-02 16:13:45,649] multiqc                                            [INFO   ]  Report      : ../../gls/ruy/results/multiqc_report.html
[2021-12-02 16:13:45,649] multiqc                                            [INFO   ]  Data        : ../../gls/ruy/results/multiqc_data
[2021-12-02 16:13:45,649] multiqc                                            [DEBUG  ]  Moving data file from '/tmp/tmpqp0zo_x3/multiqc_data' to '/zfs/omics/personal/mgallan1/gls/ruy/results/multiqc_data'
[2021-12-02 16:13:45,845] multiqc                                            [INFO   ]  MultiQC complete
